#
# There is insufficient memory for the Java Runtime Environment to continue.
# Native memory allocation (malloc) failed to allocate 1048576 bytes. Error detail: AllocateHeap
# Possible reasons:
#   The system is out of physical RAM or swap space
#   This process is running with CompressedOops enabled, and the Java Heap may be blocking the growth of the native heap
# Possible solutions:
#   Reduce memory load on the system
#   Increase physical memory or swap space
#   Check if swap backing store is full
#   Decrease Java heap size (-Xmx/-Xms)
#   Decrease number of Java threads
#   Decrease Java thread stack sizes (-Xss)
#   Set larger code cache with -XX:ReservedCodeCacheSize=
#   JVM is running with Unscaled Compressed Oops mode in which the Java heap is
#     placed in the first 4GB address space. The Java Heap base address is the
#     maximum limit for the native heap growth. Please use -XX:HeapBaseMinAddress
#     to set the Java Heap base and to place the Java Heap above 4GB virtual address.
# This output file may be truncated or incomplete.
#
#  Out of Memory Error (allocation.cpp:44), pid=9276, tid=24524
#
# JRE version: OpenJDK Runtime Environment Temurin-21.0.9+10 (21.0.9+10) (build 21.0.9+10-LTS)
# Java VM: OpenJDK 64-Bit Server VM Temurin-21.0.9+10 (21.0.9+10-LTS, mixed mode, sharing, tiered, compressed oops, compressed class ptrs, parallel gc, windows-amd64)
# No core dump will be written. Minidumps are not enabled by default on client versions of Windows
#

---------------  S U M M A R Y ------------

Command Line: --add-modules=ALL-SYSTEM --add-opens=java.base/java.util=ALL-UNNAMED --add-opens=java.base/java.lang=ALL-UNNAMED --add-opens=java.base/sun.nio.fs=ALL-UNNAMED -Declipse.application=org.eclipse.jdt.ls.core.id1 -Dosgi.bundles.defaultStartLevel=4 -Declipse.product=org.eclipse.jdt.ls.core.product -Djava.import.generatesMetadataFilesAtProjectRoot=false -DDetectVMInstallationsJob.disabled=true -Dfile.encoding=utf8 -XX:+UseParallelGC -XX:GCTimeRatio=4 -XX:AdaptiveSizePolicyWeight=90 -Dsun.zip.disableMemoryMapping=true -Xmx2G -Xms100m -Xlog:disable -javaagent:c:\Users\HP\.antigravity\extensions\redhat.java-1.50.0-win32-x64\lombok\lombok-1.18.39-4050.jar -XX:+HeapDumpOnOutOfMemoryError -XX:HeapDumpPath=c:\Users\HP\AppData\Roaming\Antigravity\User\workspaceStorage\688296d18c356dd24ac2b4613adf6a33\redhat.java -Daether.dependencyCollector.impl=bf c:\Users\HP\.antigravity\extensions\redhat.java-1.50.0-win32-x64\server\plugins\org.eclipse.equinox.launcher_1.7.100.v20251111-0406.jar -configuration c:\Users\HP\AppData\Roaming\Antigravity\User\globalStorage\redhat.java\1.50.0\config_win -data c:\Users\HP\AppData\Roaming\Antigravity\User\workspaceStorage\688296d18c356dd24ac2b4613adf6a33\redhat.java\jdt_ws --pipe=\\.\pipe\lsp-179981b6d1d22acf2432089153d4f37f-sock

Host: Intel(R) Core(TM) i7-8650U CPU @ 1.90GHz, 8 cores, 7G,  Windows 11 , 64 bit Build 26100 (10.0.26100.6725)
Time: Wed Dec 31 20:47:37 2025 Temps universel coordonné elapsed time: 3397.739892 seconds (0d 0h 56m 37s)

---------------  T H R E A D  ---------------

Current thread (0x0000020bb2e15c40):  JavaThread "Attach Listener" daemon [_thread_in_vm, id=24524, stack(0x000000c18dc00000,0x000000c18dd00000) (1024K)]

Stack: [0x000000c18dc00000,0x000000c18dd00000]
Native frames: (J=compiled Java code, j=interpreted, Vv=VM code, C=native code)
V  [jvm.dll+0x6d6e29]
V  [jvm.dll+0x8b4b76]
V  [jvm.dll+0x8b712e]
V  [jvm.dll+0x8b7813]
V  [jvm.dll+0x283d86]
V  [jvm.dll+0xc1277]
V  [jvm.dll+0x6d76d9]
V  [jvm.dll+0x133466]
V  [jvm.dll+0x3f7ea6]
V  [jvm.dll+0x85e9ad]
V  [jvm.dll+0x6d565d]
C  [ucrtbase.dll+0x37b0]
C  [KERNEL32.DLL+0x2e8d7]
C  [ntdll.dll+0x8c53c]


---------------  P R O C E S S  ---------------

Threads class SMR info:
_java_thread_list=0x0000020bfbef6de0, length=35, elements={
0x0000020b9c39d490, 0x0000020b9c459fb0, 0x0000020b9c45d430, 0x0000020bb2e14ff0,
0x0000020bb2e15c40, 0x0000020bb2e187a0, 0x0000020bb2e191f0, 0x0000020bb2e1c030,
0x0000020bb2e4aa40, 0x0000020bf58bb540, 0x0000020bf5aebd40, 0x0000020bfa71aaa0,
0x0000020bfa719d80, 0x0000020bfa7196f0, 0x0000020bfa71c4e0, 0x0000020bfa71a410,
0x0000020bfa71b130, 0x0000020bfa719060, 0x0000020bfba732c0, 0x0000020bfba73950,
0x0000020bfba725a0, 0x0000020bfba73fe0, 0x0000020bfba711f0, 0x0000020bfd6a0200,
0x0000020bfd69ee50, 0x0000020bfd69e7c0, 0x0000020bfd6a0890, 0x0000020bfd69f4e0,
0x0000020bfd69fb70, 0x0000020bfd6a0f20, 0x0000020bfd6a2960, 0x0000020bfd6a1c40,
0x0000020b8813a2d0, 0x0000020bfcc082a0, 0x0000020bfb5c69a0
}

Java Threads: ( => current thread )
  0x0000020b9c39d490 JavaThread "main"                              [_thread_blocked, id=16072, stack(0x000000c18d500000,0x000000c18d600000) (1024K)]
  0x0000020b9c459fb0 JavaThread "Reference Handler"          daemon [_thread_blocked, id=11996, stack(0x000000c18d900000,0x000000c18da00000) (1024K)]
  0x0000020b9c45d430 JavaThread "Finalizer"                  daemon [_thread_blocked, id=10720, stack(0x000000c18da00000,0x000000c18db00000) (1024K)]
  0x0000020bb2e14ff0 JavaThread "Signal Dispatcher"          daemon [_thread_blocked, id=4948, stack(0x000000c18db00000,0x000000c18dc00000) (1024K)]
=>0x0000020bb2e15c40 JavaThread "Attach Listener"            daemon [_thread_in_vm, id=24524, stack(0x000000c18dc00000,0x000000c18dd00000) (1024K)]
  0x0000020bb2e187a0 JavaThread "Service Thread"             daemon [_thread_blocked, id=25344, stack(0x000000c18dd00000,0x000000c18de00000) (1024K)]
  0x0000020bb2e191f0 JavaThread "Monitor Deflation Thread"   daemon [_thread_blocked, id=11776, stack(0x000000c18de00000,0x000000c18df00000) (1024K)]
  0x0000020bb2e1c030 JavaThread "C2 CompilerThread0"         daemon [_thread_blocked, id=16800, stack(0x000000c18df00000,0x000000c18e000000) (1024K)]
  0x0000020bb2e4aa40 JavaThread "C1 CompilerThread0"         daemon [_thread_blocked, id=1904, stack(0x000000c18e000000,0x000000c18e100000) (1024K)]
  0x0000020bf58bb540 JavaThread "Common-Cleaner"             daemon [_thread_blocked, id=12132, stack(0x000000c18e100000,0x000000c18e200000) (1024K)]
  0x0000020bf5aebd40 JavaThread "Notification Thread"        daemon [_thread_blocked, id=4752, stack(0x000000c18e300000,0x000000c18e400000) (1024K)]
  0x0000020bfa71aaa0 JavaThread "Active Thread: Equinox Container: 8d6bb745-646a-4c80-b2ec-35ce049e7d66"        [_thread_blocked, id=21792, stack(0x000000c18e200000,0x000000c18e300000) (1024K)]
  0x0000020bfa719d80 JavaThread "Refresh Thread: Equinox Container: 8d6bb745-646a-4c80-b2ec-35ce049e7d66" daemon [_thread_blocked, id=22852, stack(0x000000c18e400000,0x000000c18e500000) (1024K)]
  0x0000020bfa7196f0 JavaThread "Framework Event Dispatcher: Equinox Container: 8d6bb745-646a-4c80-b2ec-35ce049e7d66" daemon [_thread_blocked, id=11964, stack(0x000000c18ec00000,0x000000c18ed00000) (1024K)]
  0x0000020bfa71c4e0 JavaThread "Start Level: Equinox Container: 8d6bb745-646a-4c80-b2ec-35ce049e7d66" daemon [_thread_blocked, id=23656, stack(0x000000c18ed00000,0x000000c18ee00000) (1024K)]
  0x0000020bfa71a410 JavaThread "Bundle File Closer"         daemon [_thread_blocked, id=23888, stack(0x000000c18ef00000,0x000000c18f000000) (1024K)]
  0x0000020bfa71b130 JavaThread "SCR Component Actor"        daemon [_thread_blocked, id=2988, stack(0x000000c18d300000,0x000000c18d400000) (1024K)]
  0x0000020bfa719060 JavaThread "Worker-JM"                         [_thread_blocked, id=26236, stack(0x000000c18ee00000,0x000000c18ef00000) (1024K)]
  0x0000020bfba732c0 JavaThread "Java indexing"              daemon [_thread_blocked, id=3456, stack(0x000000c18f600000,0x000000c18f700000) (1024K)]
  0x0000020bfba73950 JavaThread "JNA Cleaner"                daemon [_thread_blocked, id=21356, stack(0x000000c18f700000,0x000000c18f800000) (1024K)]
  0x0000020bfba725a0 JavaThread "Thread-1"                   daemon [_thread_in_native, id=19036, stack(0x000000c18fd00000,0x000000c18fe00000) (1024K)]
  0x0000020bfba73fe0 JavaThread "Thread-2"                   daemon [_thread_in_native, id=22568, stack(0x000000c18fe00000,0x000000c18ff00000) (1024K)]
  0x0000020bfba711f0 JavaThread "Thread-3"                   daemon [_thread_in_native, id=19240, stack(0x000000c18ff00000,0x000000c190000000) (1024K)]
  0x0000020bfd6a0200 JavaThread "Thread-4"                   daemon [_thread_in_native, id=27180, stack(0x000000c190000000,0x000000c190100000) (1024K)]
  0x0000020bfd69ee50 JavaThread "Thread-5"                   daemon [_thread_in_native, id=19752, stack(0x000000c190100000,0x000000c190200000) (1024K)]
  0x0000020bfd69e7c0 JavaThread "Thread-6"                   daemon [_thread_in_native, id=26892, stack(0x000000c190200000,0x000000c190300000) (1024K)]
  0x0000020bfd6a0890 JavaThread "Thread-7"                   daemon [_thread_in_native, id=24340, stack(0x000000c190300000,0x000000c190400000) (1024K)]
  0x0000020bfd69f4e0 JavaThread "Thread-8"                   daemon [_thread_in_native, id=17768, stack(0x000000c190400000,0x000000c190500000) (1024K)]
  0x0000020bfd69fb70 JavaThread "Thread-9"                   daemon [_thread_in_native, id=3184, stack(0x000000c190500000,0x000000c190600000) (1024K)]
  0x0000020bfd6a0f20 JavaThread "pool-2-thread-1"                   [_thread_blocked, id=23832, stack(0x000000c190600000,0x000000c190700000) (1024K)]
  0x0000020bfd6a2960 JavaThread "WorkspaceEventsHandler"            [_thread_blocked, id=5640, stack(0x000000c190700000,0x000000c190800000) (1024K)]
  0x0000020bfd6a1c40 JavaThread "pool-1-thread-1"                   [_thread_blocked, id=23432, stack(0x000000c190800000,0x000000c190900000) (1024K)]
  0x0000020b8813a2d0 JavaThread "Cleaner-0"                  daemon [_thread_blocked, id=14864, stack(0x000000c191e00000,0x000000c191f00000) (1024K)]
  0x0000020bfcc082a0 JavaThread "Worker-13"                         [_thread_blocked, id=18400, stack(0x000000c18f300000,0x000000c18f400000) (1024K)]
  0x0000020bfb5c69a0 JavaThread "Worker-16"                         [_thread_blocked, id=1696, stack(0x000000c18f500000,0x000000c18f600000) (1024K)]
Total: 35

Other Threads:
  0x0000020b9c43f800 VMThread "VM Thread"                           [id=21888, stack(0x000000c18d800000,0x000000c18d900000) (1024K)]
  0x0000020bb2d2ca00 WatcherThread "VM Periodic Task Thread"        [id=22216, stack(0x000000c18d700000,0x000000c18d800000) (1024K)]
  0x0000020b9c3ba680 WorkerThread "GC Thread#0"                     [id=12356, stack(0x000000c18d600000,0x000000c18d700000) (1024K)]
  0x0000020bfa2f1b40 WorkerThread "GC Thread#1"                     [id=19012, stack(0x000000c18e500000,0x000000c18e600000) (1024K)]
  0x0000020bfa2f3100 WorkerThread "GC Thread#2"                     [id=24136, stack(0x000000c18e600000,0x000000c18e700000) (1024K)]
  0x0000020bfa2f29c0 WorkerThread "GC Thread#3"                     [id=19268, stack(0x000000c18e700000,0x000000c18e800000) (1024K)]
  0x0000020bfa2f2620 WorkerThread "GC Thread#4"                     [id=25952, stack(0x000000c18e800000,0x000000c18e900000) (1024K)]
  0x0000020bfa2f2d60 WorkerThread "GC Thread#5"                     [id=24752, stack(0x000000c18e900000,0x000000c18ea00000) (1024K)]
  0x0000020bfa2f17a0 WorkerThread "GC Thread#6"                     [id=12776, stack(0x000000c18ea00000,0x000000c18eb00000) (1024K)]
  0x0000020bfa2f1ee0 WorkerThread "GC Thread#7"                     [id=25308, stack(0x000000c18eb00000,0x000000c18ec00000) (1024K)]
Total: 10

Threads with active compile tasks:
Total: 0

VM state: not at safepoint (normal execution)

VM Mutex/Monitor currently owned by a thread: None

Heap address: 0x0000000080000000, size: 2048 MB, Compressed Oops mode: 32-bit

CDS archive(s) mapped at: [0x0000020bb3000000-0x0000020bb3ba0000-0x0000020bb3ba0000), size 12189696, SharedBaseAddress: 0x0000020bb3000000, ArchiveRelocationMode: 1.
Compressed class space mapped at: 0x0000020bb4000000-0x0000020bf4000000, reserved size: 1073741824
Narrow klass base: 0x0000020bb3000000, Narrow klass shift: 0, Narrow klass range: 0x100000000

GC Precious Log:
 CardTable entry size: 512
 CPUs: 8 total, 8 available
 Memory: 8035M
 Large Page Support: Disabled
 NUMA Support: Disabled
 Compressed Oops: Enabled (32-bit)
 Alignments: Space 512K, Generation 512K, Heap 2M
 Heap Min Capacity: 100M
 Heap Initial Capacity: 100M
 Heap Max Capacity: 2G
 Pre-touch: Disabled
 Parallel Workers: 8

Heap:
 PSYoungGen      total 3584K, used 986K [0x00000000d5580000, 0x00000000d5c80000, 0x0000000100000000)
  eden space 3072K, 20% used [0x00000000d5580000,0x00000000d561ea00,0x00000000d5880000)
  from space 512K, 68% used [0x00000000d5c00000,0x00000000d5c58000,0x00000000d5c80000)
  to   space 512K, 0% used [0x00000000d5b80000,0x00000000d5b80000,0x00000000d5c00000)
 ParOldGen       total 1146880K, used 1146650K [0x0000000080000000, 0x00000000c6000000, 0x00000000d5580000)
  object space 1146880K, 99% used [0x0000000080000000,0x00000000c5fc6b80,0x00000000c6000000)
 Metaspace       used 86915K, committed 88640K, reserved 1179648K
  class space    used 8941K, committed 9728K, reserved 1048576K

Card table byte_map: [0x0000020b9bd50000,0x0000020b9c160000] _byte_map_base: 0x0000020b9b950000

Marking Bits: (ParMarkBitMap*) 0x00007ffda7b52460
 Begin Bits: [0x0000020bae850000, 0x0000020bb0850000)
 End Bits:   [0x0000020bb0850000, 0x0000020bb2850000)

Polling page: 0x0000020b9b9f0000

Metaspace:

Usage:
  Non-class:     76.15 MB used.
      Class:      8.73 MB used.
       Both:     84.88 MB used.

Virtual space:
  Non-class space:      128.00 MB reserved,      77.06 MB ( 60%) committed,  2 nodes.
      Class space:        1.00 GB reserved,       9.50 MB ( <1%) committed,  1 nodes.
             Both:        1.12 GB reserved,      86.56 MB (  8%) committed. 

Chunk freelists:
   Non-Class:  2.72 MB
       Class:  6.53 MB
        Both:  9.25 MB

MaxMetaspaceSize: unlimited
CompressedClassSpaceSize: 1.00 GB
Initial GC threshold: 21.00 MB
Current GC threshold: 127.12 MB
CDS: on
 - commit_granule_bytes: 65536.
 - commit_granule_words: 8192.
 - virtual_space_node_default_size: 8388608.
 - enlarge_chunks_in_place: 1.
 - use_allocation_guard: 0.


Internal statistics:

num_allocs_failed_limit: 13.
num_arena_births: 1662.
num_arena_deaths: 28.
num_vsnodes_births: 3.
num_vsnodes_deaths: 0.
num_space_committed: 1384.
num_space_uncommitted: 0.
num_chunks_returned_to_freelist: 47.
num_chunks_taken_from_freelist: 5806.
num_chunk_merges: 18.
num_chunk_splits: 3527.
num_chunks_enlarged: 2016.
num_inconsistent_stats: 0.

CodeHeap 'non-profiled nmethods': size=120000Kb used=20886Kb max_used=20886Kb free=99113Kb
 bounds [0x0000020ba7070000, 0x0000020ba84e0000, 0x0000020bae5a0000]
CodeHeap 'profiled nmethods': size=120000Kb used=47843Kb max_used=47843Kb free=72156Kb
 bounds [0x0000020b9f5a0000, 0x0000020ba2460000, 0x0000020ba6ad0000]
CodeHeap 'non-nmethods': size=5760Kb used=1527Kb max_used=1665Kb free=4232Kb
 bounds [0x0000020ba6ad0000, 0x0000020ba6d40000, 0x0000020ba7070000]
CodeCache: size=245760Kb, used=70256Kb, max_used=70394Kb, free=175501Kb
 total_blobs=19710, nmethods=18856, adapters=757, full_count=0
Compilation: enabled, stopped_count=0, restarted_count=0

Compilation events (20 events):
Event: 2865.141 Thread 0x0000020bb2e4aa40 nmethod 21464 0x0000020ba2452910 code [0x0000020ba2452ba0, 0x0000020ba2453920]
Event: 2865.141 Thread 0x0000020bb2e4aa40 21466       1       org.eclipse.core.internal.resources.WorkspaceDescription::isKeepDerivedState (5 bytes)
Event: 2865.141 Thread 0x0000020bb2e4aa40 nmethod 21466 0x0000020ba84c8f10 code [0x0000020ba84c90a0, 0x0000020ba84c9170]
Event: 2865.141 Thread 0x0000020bb2e4aa40 21465       3       java.lang.invoke.LambdaForm$MH/0x0000020bb4875400::invoke (42 bytes)
Event: 2865.142 Thread 0x0000020bb2e4aa40 nmethod 21465 0x0000020ba2453d90 code [0x0000020ba2454020, 0x0000020ba2454da0]
Event: 2865.171 Thread 0x0000020bb2e4aa40 21471       1       org.eclipse.jdt.apt.core.internal.util.FactoryPath$Attributes::isEnabled (5 bytes)
Event: 2865.171 Thread 0x0000020bb2e4aa40 nmethod 21471 0x0000020ba84c9210 code [0x0000020ba84c93a0, 0x0000020ba84c9470]
Event: 2865.181 Thread 0x0000020bb2e4aa40 21472       3       org.eclipse.lsp4j.adapters.WorkDoneProgressNotificationAdapter::write (247 bytes)
Event: 2865.186 Thread 0x0000020bb2e4aa40 nmethod 21472 0x0000020ba2455210 code [0x0000020ba2455740, 0x0000020ba2457fb0]
Event: 2865.228 Thread 0x0000020bb2e1c030 nmethod 21467 0x0000020ba84c9510 code [0x0000020ba84c9a80, 0x0000020ba84cddc8]
Event: 2865.229 Thread 0x0000020bb2e1c030 21468       4       org.eclipse.core.internal.events.ResourceDelta::fixMovesAndMarkers (350 bytes)
Event: 2865.243 Thread 0x0000020bb2e1c030 nmethod 21468 0x0000020ba84cfc10 code [0x0000020ba84cfe60, 0x0000020ba84d0910]
Event: 2865.244 Thread 0x0000020bb2e1c030 21470       4       org.eclipse.jdt.internal.core.builder.NameEnvironment::collectModuleEntries (351 bytes)
Event: 2865.295 Thread 0x0000020bb2e1c030 nmethod 21470 0x0000020ba84d1210 code [0x0000020ba84d1580, 0x0000020ba84d3318]
Event: 2865.295 Thread 0x0000020bb2e1c030 21469       4       org.eclipse.core.internal.events.ResourceDelta::checkForMarkerDeltas (95 bytes)
Event: 2865.298 Thread 0x0000020bb2e1c030 nmethod 21469 0x0000020ba84d5110 code [0x0000020ba84d52e0, 0x0000020ba84d55b0]
Event: 2958.328 Thread 0x0000020bb2e4aa40 21473       1       java.lang.Thread::threadContainer (5 bytes)
Event: 2958.333 Thread 0x0000020bb2e4aa40 nmethod 21473 0x0000020ba84d5810 code [0x0000020ba84d59a0, 0x0000020ba84d5a68]
Event: 3243.421 Thread 0x0000020bb2e4aa40 21474       3       java.lang.ProcessHandleImpl::<init> (15 bytes)
Event: 3243.440 Thread 0x0000020bb2e4aa40 nmethod 21474 0x0000020ba2458b10 code [0x0000020ba2458cc0, 0x0000020ba2458e30]

GC Heap History (20 events):
Event: 2733.568 GC heap before
{Heap before GC invocations=2614 (full 4):
 PSYoungGen      total 3072K, used 2610K [0x00000000d5580000, 0x00000000d5a00000, 0x0000000100000000)
  eden space 1536K, 100% used [0x00000000d5580000,0x00000000d5700000,0x00000000d5700000)
  from space 1536K, 69% used [0x00000000d5880000,0x00000000d598cb78,0x00000000d5a00000)
  to   space 1536K, 0% used [0x00000000d5700000,0x00000000d5700000,0x00000000d5880000)
 ParOldGen       total 1132544K, used 1132293K [0x0000000080000000, 0x00000000c5200000, 0x00000000d5580000)
  object space 1132544K, 99% used [0x0000000080000000,0x00000000c51c1608,0x00000000c5200000)
 Metaspace       used 86890K, committed 88640K, reserved 1179648K
  class space    used 8940K, committed 9728K, reserved 1048576K
}
Event: 2733.575 GC heap after
{Heap after GC invocations=2614 (full 4):
 PSYoungGen      total 3072K, used 1530K [0x00000000d5580000, 0x00000000d5d80000, 0x0000000100000000)
  eden space 1536K, 0% used [0x00000000d5580000,0x00000000d5580000,0x00000000d5700000)
  from space 1536K, 99% used [0x00000000d5700000,0x00000000d587e8a8,0x00000000d5880000)
  to   space 3072K, 0% used [0x00000000d5a80000,0x00000000d5a80000,0x00000000d5d80000)
 ParOldGen       total 1133568K, used 1133282K [0x0000000080000000, 0x00000000c5300000, 0x00000000d5580000)
  object space 1133568K, 99% used [0x0000000080000000,0x00000000c52b8a80,0x00000000c5300000)
 Metaspace       used 86890K, committed 88640K, reserved 1179648K
  class space    used 8940K, committed 9728K, reserved 1048576K
}
Event: 2733.607 GC heap before
{Heap before GC invocations=2615 (full 4):
 PSYoungGen      total 3072K, used 3066K [0x00000000d5580000, 0x00000000d5d80000, 0x0000000100000000)
  eden space 1536K, 100% used [0x00000000d5580000,0x00000000d5700000,0x00000000d5700000)
  from space 1536K, 99% used [0x00000000d5700000,0x00000000d587e8a8,0x00000000d5880000)
  to   space 3072K, 0% used [0x00000000d5a80000,0x00000000d5a80000,0x00000000d5d80000)
 ParOldGen       total 1133568K, used 1133282K [0x0000000080000000, 0x00000000c5300000, 0x00000000d5580000)
  object space 1133568K, 99% used [0x0000000080000000,0x00000000c52b8a80,0x00000000c5300000)
 Metaspace       used 86891K, committed 88640K, reserved 1179648K
  class space    used 8940K, committed 9728K, reserved 1048576K
}
Event: 2733.614 GC heap after
{Heap after GC invocations=2615 (full 4):
 PSYoungGen      total 3072K, used 841K [0x00000000d5580000, 0x00000000d5b80000, 0x0000000100000000)
  eden space 2048K, 0% used [0x00000000d5580000,0x00000000d5580000,0x00000000d5780000)
  from space 1024K, 82% used [0x00000000d5a80000,0x00000000d5b52520,0x00000000d5b80000)
  to   space 1536K, 0% used [0x00000000d5880000,0x00000000d5880000,0x00000000d5a00000)
 ParOldGen       total 1135104K, used 1134777K [0x0000000080000000, 0x00000000c5480000, 0x00000000d5580000)
  object space 1135104K, 99% used [0x0000000080000000,0x00000000c542e690,0x00000000c5480000)
 Metaspace       used 86891K, committed 88640K, reserved 1179648K
  class space    used 8940K, committed 9728K, reserved 1048576K
}
Event: 2733.644 GC heap before
{Heap before GC invocations=2616 (full 4):
 PSYoungGen      total 3072K, used 2889K [0x00000000d5580000, 0x00000000d5b80000, 0x0000000100000000)
  eden space 2048K, 100% used [0x00000000d5580000,0x00000000d5780000,0x00000000d5780000)
  from space 1024K, 82% used [0x00000000d5a80000,0x00000000d5b52520,0x00000000d5b80000)
  to   space 1536K, 0% used [0x00000000d5880000,0x00000000d5880000,0x00000000d5a00000)
 ParOldGen       total 1135104K, used 1134777K [0x0000000080000000, 0x00000000c5480000, 0x00000000d5580000)
  object space 1135104K, 99% used [0x0000000080000000,0x00000000c542e690,0x00000000c5480000)
 Metaspace       used 86891K, committed 88640K, reserved 1179648K
  class space    used 8940K, committed 9728K, reserved 1048576K
}
Event: 2733.651 GC heap after
{Heap after GC invocations=2616 (full 4):
 PSYoungGen      total 4096K, used 1536K [0x00000000d5580000, 0x00000000d5d00000, 0x0000000100000000)
  eden space 2560K, 0% used [0x00000000d5580000,0x00000000d5580000,0x00000000d5800000)
  from space 1536K, 100% used [0x00000000d5880000,0x00000000d5a00000,0x00000000d5a00000)
  to   space 2560K, 0% used [0x00000000d5a80000,0x00000000d5a80000,0x00000000d5d00000)
 ParOldGen       total 1135616K, used 1135529K [0x0000000080000000, 0x00000000c5500000, 0x00000000d5580000)
  object space 1135616K, 99% used [0x0000000080000000,0x00000000c54ea690,0x00000000c5500000)
 Metaspace       used 86891K, committed 88640K, reserved 1179648K
  class space    used 8940K, committed 9728K, reserved 1048576K
}
Event: 2733.685 GC heap before
{Heap before GC invocations=2617 (full 4):
 PSYoungGen      total 4096K, used 4096K [0x00000000d5580000, 0x00000000d5d00000, 0x0000000100000000)
  eden space 2560K, 100% used [0x00000000d5580000,0x00000000d5800000,0x00000000d5800000)
  from space 1536K, 100% used [0x00000000d5880000,0x00000000d5a00000,0x00000000d5a00000)
  to   space 2560K, 0% used [0x00000000d5a80000,0x00000000d5a80000,0x00000000d5d00000)
 ParOldGen       total 1135616K, used 1135529K [0x0000000080000000, 0x00000000c5500000, 0x00000000d5580000)
  object space 1135616K, 99% used [0x0000000080000000,0x00000000c54ea690,0x00000000c5500000)
 Metaspace       used 86894K, committed 88640K, reserved 1179648K
  class space    used 8940K, committed 9728K, reserved 1048576K
}
Event: 2733.694 GC heap after
{Heap after GC invocations=2617 (full 4):
 PSYoungGen      total 5120K, used 2272K [0x00000000d5580000, 0x00000000d5d80000, 0x0000000100000000)
  eden space 2560K, 0% used [0x00000000d5580000,0x00000000d5580000,0x00000000d5800000)
  from space 2560K, 88% used [0x00000000d5a80000,0x00000000d5cb8000,0x00000000d5d00000)
  to   space 2560K, 0% used [0x00000000d5800000,0x00000000d5800000,0x00000000d5a80000)
 ParOldGen       total 1137152K, used 1137073K [0x0000000080000000, 0x00000000c5680000, 0x00000000d5580000)
  object space 1137152K, 99% used [0x0000000080000000,0x00000000c566c690,0x00000000c5680000)
 Metaspace       used 86894K, committed 88640K, reserved 1179648K
  class space    used 8940K, committed 9728K, reserved 1048576K
}
Event: 2733.864 GC heap before
{Heap before GC invocations=2618 (full 4):
 PSYoungGen      total 5120K, used 4831K [0x00000000d5580000, 0x00000000d5d80000, 0x0000000100000000)
  eden space 2560K, 99% used [0x00000000d5580000,0x00000000d57fffd8,0x00000000d5800000)
  from space 2560K, 88% used [0x00000000d5a80000,0x00000000d5cb8000,0x00000000d5d00000)
  to   space 2560K, 0% used [0x00000000d5800000,0x00000000d5800000,0x00000000d5a80000)
 ParOldGen       total 1137152K, used 1137073K [0x0000000080000000, 0x00000000c5680000, 0x00000000d5580000)
  object space 1137152K, 99% used [0x0000000080000000,0x00000000c566c690,0x00000000c5680000)
 Metaspace       used 86894K, committed 88640K, reserved 1179648K
  class space    used 8940K, committed 9728K, reserved 1048576K
}
Event: 2733.877 GC heap after
{Heap after GC invocations=2618 (full 4):
 PSYoungGen      total 5120K, used 2560K [0x00000000d5580000, 0x00000000d6380000, 0x0000000100000000)
  eden space 2560K, 0% used [0x00000000d5580000,0x00000000d5580000,0x00000000d5800000)
  from space 2560K, 100% used [0x00000000d5800000,0x00000000d5a80000,0x00000000d5a80000)
  to   space 5632K, 0% used [0x00000000d5e00000,0x00000000d5e00000,0x00000000d6380000)
 ParOldGen       total 1139712K, used 1139337K [0x0000000080000000, 0x00000000c5900000, 0x00000000d5580000)
  object space 1139712K, 99% used [0x0000000080000000,0x00000000c58a2690,0x00000000c5900000)
 Metaspace       used 86894K, committed 88640K, reserved 1179648K
  class space    used 8940K, committed 9728K, reserved 1048576K
}
Event: 2733.926 GC heap before
{Heap before GC invocations=2619 (full 4):
 PSYoungGen      total 5120K, used 5120K [0x00000000d5580000, 0x00000000d6380000, 0x0000000100000000)
  eden space 2560K, 100% used [0x00000000d5580000,0x00000000d5800000,0x00000000d5800000)
  from space 2560K, 100% used [0x00000000d5800000,0x00000000d5a80000,0x00000000d5a80000)
  to   space 5632K, 0% used [0x00000000d5e00000,0x00000000d5e00000,0x00000000d6380000)
 ParOldGen       total 1139712K, used 1139337K [0x0000000080000000, 0x00000000c5900000, 0x00000000d5580000)
  object space 1139712K, 99% used [0x0000000080000000,0x00000000c58a2690,0x00000000c5900000)
 Metaspace       used 86894K, committed 88640K, reserved 1179648K
  class space    used 8940K, committed 9728K, reserved 1048576K
}
Event: 2733.939 GC heap after
{Heap after GC invocations=2619 (full 4):
 PSYoungGen      total 5632K, used 2392K [0x00000000d5580000, 0x00000000d6080000, 0x0000000100000000)
  eden space 3072K, 0% used [0x00000000d5580000,0x00000000d5580000,0x00000000d5880000)
  from space 2560K, 93% used [0x00000000d5e00000,0x00000000d6056000,0x00000000d6080000)
  to   space 3584K, 0% used [0x00000000d5980000,0x00000000d5980000,0x00000000d5d00000)
 ParOldGen       total 1142272K, used 1141833K [0x0000000080000000, 0x00000000c5b80000, 0x00000000d5580000)
  object space 1142272K, 99% used [0x0000000080000000,0x00000000c5b12690,0x00000000c5b80000)
 Metaspace       used 86894K, committed 88640K, reserved 1179648K
  class space    used 8940K, committed 9728K, reserved 1048576K
}
Event: 2735.644 GC heap before
{Heap before GC invocations=2620 (full 4):
 PSYoungGen      total 5632K, used 5464K [0x00000000d5580000, 0x00000000d6080000, 0x0000000100000000)
  eden space 3072K, 100% used [0x00000000d5580000,0x00000000d5880000,0x00000000d5880000)
  from space 2560K, 93% used [0x00000000d5e00000,0x00000000d6056000,0x00000000d6080000)
  to   space 3584K, 0% used [0x00000000d5980000,0x00000000d5980000,0x00000000d5d00000)
 ParOldGen       total 1142272K, used 1141833K [0x0000000080000000, 0x00000000c5b80000, 0x00000000d5580000)
  object space 1142272K, 99% used [0x0000000080000000,0x00000000c5b12690,0x00000000c5b80000)
 Metaspace       used 86894K, committed 88640K, reserved 1179648K
  class space    used 8940K, committed 9728K, reserved 1048576K
}
Event: 2735.656 GC heap after
{Heap after GC invocations=2620 (full 4):
 PSYoungGen      total 5632K, used 2496K [0x00000000d5580000, 0x00000000d5e80000, 0x0000000100000000)
  eden space 3072K, 0% used [0x00000000d5580000,0x00000000d5580000,0x00000000d5880000)
  from space 2560K, 97% used [0x00000000d5980000,0x00000000d5bf0000,0x00000000d5c00000)
  to   space 2560K, 0% used [0x00000000d5c00000,0x00000000d5c00000,0x00000000d5e80000)
 ParOldGen       total 1144320K, used 1143857K [0x0000000080000000, 0x00000000c5d80000, 0x00000000d5580000)
  object space 1144320K, 99% used [0x0000000080000000,0x00000000c5d0c690,0x00000000c5d80000)
 Metaspace       used 86894K, committed 88640K, reserved 1179648K
  class space    used 8940K, committed 9728K, reserved 1048576K
}
Event: 2816.566 GC heap before
{Heap before GC invocations=2621 (full 4):
 PSYoungGen      total 5632K, used 5568K [0x00000000d5580000, 0x00000000d5e80000, 0x0000000100000000)
  eden space 3072K, 100% used [0x00000000d5580000,0x00000000d5880000,0x00000000d5880000)
  from space 2560K, 97% used [0x00000000d5980000,0x00000000d5bf0000,0x00000000d5c00000)
  to   space 2560K, 0% used [0x00000000d5c00000,0x00000000d5c00000,0x00000000d5e80000)
 ParOldGen       total 1144320K, used 1143857K [0x0000000080000000, 0x00000000c5d80000, 0x00000000d5580000)
  object space 1144320K, 99% used [0x0000000080000000,0x00000000c5d0c690,0x00000000c5d80000)
 Metaspace       used 86898K, committed 88640K, reserved 1179648K
  class space    used 8940K, committed 9728K, reserved 1048576K
}
Event: 2816.578 GC heap after
{Heap after GC invocations=2621 (full 4):
 PSYoungGen      total 3584K, used 512K [0x00000000d5580000, 0x00000000d5c80000, 0x0000000100000000)
  eden space 3072K, 0% used [0x00000000d5580000,0x00000000d5580000,0x00000000d5880000)
  from space 512K, 100% used [0x00000000d5c00000,0x00000000d5c80000,0x00000000d5c80000)
  to   space 1536K, 0% used [0x00000000d5980000,0x00000000d5980000,0x00000000d5b00000)
 ParOldGen       total 1146368K, used 1146270K [0x0000000080000000, 0x00000000c5f80000, 0x00000000d5580000)
  object space 1146368K, 99% used [0x0000000080000000,0x00000000c5f67b78,0x00000000c5f80000)
 Metaspace       used 86898K, committed 88640K, reserved 1179648K
  class space    used 8940K, committed 9728K, reserved 1048576K
}
Event: 2816.826 GC heap before
{Heap before GC invocations=2622 (full 4):
 PSYoungGen      total 3584K, used 3584K [0x00000000d5580000, 0x00000000d5c80000, 0x0000000100000000)
  eden space 3072K, 100% used [0x00000000d5580000,0x00000000d5880000,0x00000000d5880000)
  from space 512K, 100% used [0x00000000d5c00000,0x00000000d5c80000,0x00000000d5c80000)
  to   space 1536K, 0% used [0x00000000d5980000,0x00000000d5980000,0x00000000d5b00000)
 ParOldGen       total 1146368K, used 1146270K [0x0000000080000000, 0x00000000c5f80000, 0x00000000d5580000)
  object space 1146368K, 99% used [0x0000000080000000,0x00000000c5f67b78,0x00000000c5f80000)
 Metaspace       used 86910K, committed 88640K, reserved 1179648K
  class space    used 8941K, committed 9728K, reserved 1048576K
}
Event: 2816.831 GC heap after
{Heap after GC invocations=2622 (full 4):
 PSYoungGen      total 4608K, used 192K [0x00000000d5580000, 0x00000000d5c80000, 0x0000000100000000)
  eden space 3072K, 0% used [0x00000000d5580000,0x00000000d5580000,0x00000000d5880000)
  from space 1536K, 12% used [0x00000000d5980000,0x00000000d59b0000,0x00000000d5b00000)
  to   space 512K, 0% used [0x00000000d5c00000,0x00000000d5c00000,0x00000000d5c80000)
 ParOldGen       total 1146880K, used 1146586K [0x0000000080000000, 0x00000000c6000000, 0x00000000d5580000)
  object space 1146880K, 99% used [0x0000000080000000,0x00000000c5fb6b80,0x00000000c6000000)
 Metaspace       used 86910K, committed 88640K, reserved 1179648K
  class space    used 8941K, committed 9728K, reserved 1048576K
}
Event: 2865.172 GC heap before
{Heap before GC invocations=2623 (full 4):
 PSYoungGen      total 4608K, used 3264K [0x00000000d5580000, 0x00000000d5c80000, 0x0000000100000000)
  eden space 3072K, 100% used [0x00000000d5580000,0x00000000d5880000,0x00000000d5880000)
  from space 1536K, 12% used [0x00000000d5980000,0x00000000d59b0000,0x00000000d5b00000)
  to   space 512K, 0% used [0x00000000d5c00000,0x00000000d5c00000,0x00000000d5c80000)
 ParOldGen       total 1146880K, used 1146586K [0x0000000080000000, 0x00000000c6000000, 0x00000000d5580000)
  object space 1146880K, 99% used [0x0000000080000000,0x00000000c5fb6b80,0x00000000c6000000)
 Metaspace       used 86915K, committed 88640K, reserved 1179648K
  class space    used 8941K, committed 9728K, reserved 1048576K
}
Event: 2865.178 GC heap after
{Heap after GC invocations=2623 (full 4):
 PSYoungGen      total 3584K, used 352K [0x00000000d5580000, 0x00000000d5c80000, 0x0000000100000000)
  eden space 3072K, 0% used [0x00000000d5580000,0x00000000d5580000,0x00000000d5880000)
  from space 512K, 68% used [0x00000000d5c00000,0x00000000d5c58000,0x00000000d5c80000)
  to   space 512K, 0% used [0x00000000d5b80000,0x00000000d5b80000,0x00000000d5c00000)
 ParOldGen       total 1146880K, used 1146650K [0x0000000080000000, 0x00000000c6000000, 0x00000000d5580000)
  object space 1146880K, 99% used [0x0000000080000000,0x00000000c5fc6b80,0x00000000c6000000)
 Metaspace       used 86915K, committed 88640K, reserved 1179648K
  class space    used 8941K, committed 9728K, reserved 1048576K
}

Dll operation events (14 events):
Event: 0.054 Loaded shared library c:\Users\HP\.antigravity\extensions\redhat.java-1.50.0-win32-x64\jre\21.0.9-win32-x86_64\bin\java.dll
Event: 0.309 Loaded shared library c:\Users\HP\.antigravity\extensions\redhat.java-1.50.0-win32-x64\jre\21.0.9-win32-x86_64\bin\zip.dll
Event: 0.372 Loaded shared library C:\Users\HP\.antigravity\extensions\redhat.java-1.50.0-win32-x64\jre\21.0.9-win32-x86_64\bin\instrument.dll
Event: 0.389 Loaded shared library C:\Users\HP\.antigravity\extensions\redhat.java-1.50.0-win32-x64\jre\21.0.9-win32-x86_64\bin\net.dll
Event: 0.395 Loaded shared library C:\Users\HP\.antigravity\extensions\redhat.java-1.50.0-win32-x64\jre\21.0.9-win32-x86_64\bin\nio.dll
Event: 0.403 Loaded shared library C:\Users\HP\.antigravity\extensions\redhat.java-1.50.0-win32-x64\jre\21.0.9-win32-x86_64\bin\zip.dll
Event: 0.454 Loaded shared library C:\Users\HP\.antigravity\extensions\redhat.java-1.50.0-win32-x64\jre\21.0.9-win32-x86_64\bin\jimage.dll
Event: 0.671 Loaded shared library c:\Users\HP\.antigravity\extensions\redhat.java-1.50.0-win32-x64\jre\21.0.9-win32-x86_64\bin\verify.dll
Event: 18.394 Loaded shared library C:\Users\HP\AppData\Roaming\Antigravity\User\globalStorage\redhat.java\1.50.0\config_win\org.eclipse.equinox.launcher\org.eclipse.equinox.launcher.win32.win32.x86_64_1.2.1400.v20250801-0854\eclipse_11916.dll
Event: 46.501 Loaded shared library C:\Users\HP\.antigravity\extensions\redhat.java-1.50.0-win32-x64\jre\21.0.9-win32-x86_64\bin\management.dll
Event: 46.510 Loaded shared library C:\Users\HP\.antigravity\extensions\redhat.java-1.50.0-win32-x64\jre\21.0.9-win32-x86_64\bin\management_ext.dll
Event: 50.206 Loaded shared library C:\Users\HP\AppData\Local\Temp\jna-2312\jna15873683807230629900.dll
Event: 51.360 Loaded shared library C:\Users\HP\.antigravity\extensions\redhat.java-1.50.0-win32-x64\jre\21.0.9-win32-x86_64\bin\sunmscapi.dll
Event: 51.735 Loaded shared library C:\Users\HP\.antigravity\extensions\redhat.java-1.50.0-win32-x64\jre\21.0.9-win32-x86_64\bin\extnet.dll

Deoptimization events (20 events):
Event: 2657.832 Thread 0x0000020bfba732c0 DEOPT PACKING pc=0x0000020ba1cf2650 sp=0x000000c18f6ff320
Event: 2657.832 Thread 0x0000020bfba732c0 DEOPT UNPACKING pc=0x0000020ba6b24242 sp=0x000000c18f6fe7f0 mode 0
Event: 2658.517 Thread 0x0000020bfcc0b090 Uncommon trap: trap_request=0xffffffc6 fr.pc=0x0000020ba74536f0 relative=0x0000000000000db0
Event: 2658.517 Thread 0x0000020bfcc0b090 Uncommon trap: reason=bimorphic_or_optimized_type_check action=maybe_recompile pc=0x0000020ba74536f0 method=java.util.concurrent.ConcurrentHashMap.putVal(Ljava/lang/Object;Ljava/lang/Object;Z)Ljava/lang/Object; @ 159 c2
Event: 2658.517 Thread 0x0000020bfcc0b090 DEOPT PACKING pc=0x0000020ba74536f0 sp=0x000000c18f9fef40
Event: 2658.517 Thread 0x0000020bfcc0b090 DEOPT UNPACKING pc=0x0000020ba6b23aa2 sp=0x000000c18f9feee0 mode 2
Event: 2658.536 Thread 0x0000020bfd6a1c40 Uncommon trap: trap_request=0xffffffd6 fr.pc=0x0000020ba83e7954 relative=0x0000000000000d94
Event: 2658.536 Thread 0x0000020bfd6a1c40 Uncommon trap: reason=array_check action=maybe_recompile pc=0x0000020ba83e7954 method=com.google.gson.internal.GsonTypes$ParameterizedTypeImpl.<init>(Ljava/lang/reflect/Type;Ljava/lang/Class;[Ljava/lang/reflect/Type;)V @ 136 c2
Event: 2658.536 Thread 0x0000020bfd6a1c40 DEOPT PACKING pc=0x0000020ba83e7954 sp=0x000000c1908feca0
Event: 2658.536 Thread 0x0000020bfd6a1c40 DEOPT UNPACKING pc=0x0000020ba6b23aa2 sp=0x000000c1908feb80 mode 2
Event: 2659.158 Thread 0x0000020bfd6a1c40 Uncommon trap: trap_request=0xffffffd6 fr.pc=0x0000020ba83e7954 relative=0x0000000000000d94
Event: 2659.159 Thread 0x0000020bfd6a1c40 Uncommon trap: reason=array_check action=maybe_recompile pc=0x0000020ba83e7954 method=com.google.gson.internal.GsonTypes$ParameterizedTypeImpl.<init>(Ljava/lang/reflect/Type;Ljava/lang/Class;[Ljava/lang/reflect/Type;)V @ 136 c2
Event: 2659.159 Thread 0x0000020bfd6a1c40 DEOPT PACKING pc=0x0000020ba83e7954 sp=0x000000c1908feca0
Event: 2659.159 Thread 0x0000020bfd6a1c40 DEOPT UNPACKING pc=0x0000020ba6b23aa2 sp=0x000000c1908feb80 mode 2
Event: 2735.773 Thread 0x0000020bfba732c0 DEOPT PACKING pc=0x0000020ba1cf2650 sp=0x000000c18f6ff320
Event: 2735.775 Thread 0x0000020bfba732c0 DEOPT UNPACKING pc=0x0000020ba6b24242 sp=0x000000c18f6fe7f0 mode 0
Event: 2816.616 Thread 0x0000020bfb5c69a0 Uncommon trap: trap_request=0xffffff6e fr.pc=0x0000020ba84947c4 relative=0x00000000000006e4
Event: 2816.616 Thread 0x0000020bfb5c69a0 Uncommon trap: reason=loop_limit_check action=maybe_recompile pc=0x0000020ba84947c4 method=org.codehaus.plexus.util.SelectorUtils.matchAntPathPattern([[C[[CZ)Z @ 231 c2
Event: 2816.616 Thread 0x0000020bfb5c69a0 DEOPT PACKING pc=0x0000020ba84947c4 sp=0x000000c18f5fdb30
Event: 2816.616 Thread 0x0000020bfb5c69a0 DEOPT UNPACKING pc=0x0000020ba6b23aa2 sp=0x000000c18f5fda80 mode 2

Classes loaded (20 events):
Event: 1590.774 Loading class jdk/internal/module/IllegalAccessLogger
Event: 1590.774 Loading class jdk/internal/module/IllegalAccessLogger done
Event: 2583.094 Loading class jdk/internal/module/IllegalAccessLogger
Event: 2583.095 Loading class jdk/internal/module/IllegalAccessLogger done
Event: 2590.244 Loading class jdk/internal/module/IllegalAccessLogger
Event: 2590.244 Loading class jdk/internal/module/IllegalAccessLogger done
Event: 2593.437 Loading class jdk/internal/module/IllegalAccessLogger
Event: 2593.437 Loading class jdk/internal/module/IllegalAccessLogger done
Event: 2646.797 Loading class jdk/internal/module/IllegalAccessLogger
Event: 2646.797 Loading class jdk/internal/module/IllegalAccessLogger done
Event: 2648.858 Loading class jdk/internal/module/IllegalAccessLogger
Event: 2648.858 Loading class jdk/internal/module/IllegalAccessLogger done
Event: 2652.141 Loading class jdk/internal/module/IllegalAccessLogger
Event: 2652.141 Loading class jdk/internal/module/IllegalAccessLogger done
Event: 2658.154 Loading class jdk/internal/module/IllegalAccessLogger
Event: 2658.154 Loading class jdk/internal/module/IllegalAccessLogger done
Event: 2732.190 Loading class jdk/internal/module/IllegalAccessLogger
Event: 2732.190 Loading class jdk/internal/module/IllegalAccessLogger done
Event: 2733.585 Loading class jdk/internal/module/IllegalAccessLogger
Event: 2733.585 Loading class jdk/internal/module/IllegalAccessLogger done

Classes unloaded (14 events):
Event: 48.137 Thread 0x0000020b9c43f800 Unloading class 0x0000020bb41a5000 'java/lang/invoke/LambdaForm$MH+0x0000020bb41a5000'
Event: 48.137 Thread 0x0000020b9c43f800 Unloading class 0x0000020bb41a4c00 'java/lang/invoke/LambdaForm$MH+0x0000020bb41a4c00'
Event: 48.137 Thread 0x0000020b9c43f800 Unloading class 0x0000020bb41a4800 'java/lang/invoke/LambdaForm$MH+0x0000020bb41a4800'
Event: 48.137 Thread 0x0000020b9c43f800 Unloading class 0x0000020bb41a4400 'java/lang/invoke/LambdaForm$MH+0x0000020bb41a4400'
Event: 48.137 Thread 0x0000020b9c43f800 Unloading class 0x0000020bb41a4000 'java/lang/invoke/LambdaForm$BMH+0x0000020bb41a4000'
Event: 48.137 Thread 0x0000020b9c43f800 Unloading class 0x0000020bb41a3c00 'java/lang/invoke/LambdaForm$DMH+0x0000020bb41a3c00'
Event: 48.137 Thread 0x0000020b9c43f800 Unloading class 0x0000020bb41a2800 'java/lang/invoke/LambdaForm$DMH+0x0000020bb41a2800'
Event: 50.760 Thread 0x0000020b9c43f800 Unloading class 0x0000020bb42e6400 'java/lang/invoke/LambdaForm$MH+0x0000020bb42e6400'
Event: 50.760 Thread 0x0000020b9c43f800 Unloading class 0x0000020bb42e5800 'java/lang/invoke/LambdaForm$MH+0x0000020bb42e5800'
Event: 50.760 Thread 0x0000020b9c43f800 Unloading class 0x0000020bb42e5400 'java/lang/invoke/LambdaForm$DMH+0x0000020bb42e5400'
Event: 85.188 Thread 0x0000020b9c43f800 Unloading class 0x0000020bb4641800 'java/lang/invoke/LambdaForm$DMH+0x0000020bb4641800'
Event: 85.188 Thread 0x0000020b9c43f800 Unloading class 0x0000020bb4641400 'java/lang/invoke/LambdaForm$DMH+0x0000020bb4641400'
Event: 85.188 Thread 0x0000020b9c43f800 Unloading class 0x0000020bb4641000 'java/lang/invoke/LambdaForm$DMH+0x0000020bb4641000'
Event: 85.188 Thread 0x0000020b9c43f800 Unloading class 0x0000020bb4640c00 'java/lang/invoke/LambdaForm$DMH+0x0000020bb4640c00'

Classes redefined (0 events):
No events

Internal exceptions (20 events):
Event: 2735.782 Thread 0x0000020bfba732c0 Exception <a 'java/lang/NullPointerException'{0x00000000d55f3b88}> (0x00000000d55f3b88) 
thrown [s\src\hotspot\share\runtime\sharedRuntime.cpp, line 625]
Event: 2735.782 Thread 0x0000020bfba732c0 Implicit null exception at 0x0000020ba1c9921b to 0x0000020ba1c997d5
Event: 2735.782 Thread 0x0000020bfba732c0 Exception <a 'java/lang/NullPointerException'{0x00000000d55f4ec0}> (0x00000000d55f4ec0) 
thrown [s\src\hotspot\share\runtime\sharedRuntime.cpp, line 625]
Event: 2735.782 Thread 0x0000020bfba732c0 Implicit null exception at 0x0000020ba1c9921b to 0x0000020ba1c997d5
Event: 2735.782 Thread 0x0000020bfba732c0 Exception <a 'java/lang/NullPointerException'{0x00000000d55f6298}> (0x00000000d55f6298) 
thrown [s\src\hotspot\share\runtime\sharedRuntime.cpp, line 625]
Event: 2735.782 Thread 0x0000020bfba732c0 Implicit null exception at 0x0000020ba1c9921b to 0x0000020ba1c997d5
Event: 2735.782 Thread 0x0000020bfba732c0 Exception <a 'java/lang/NullPointerException'{0x00000000d55f91a0}> (0x00000000d55f91a0) 
thrown [s\src\hotspot\share\runtime\sharedRuntime.cpp, line 625]
Event: 2735.782 Thread 0x0000020bfba732c0 Implicit null exception at 0x0000020ba1c9921b to 0x0000020ba1c997d5
Event: 2735.782 Thread 0x0000020bfba732c0 Exception <a 'java/lang/NullPointerException'{0x00000000d55f99e8}> (0x00000000d55f99e8) 
thrown [s\src\hotspot\share\runtime\sharedRuntime.cpp, line 625]
Event: 2735.784 Thread 0x0000020bfba732c0 Implicit null exception at 0x0000020ba1c9921b to 0x0000020ba1c997d5
Event: 2735.784 Thread 0x0000020bfba732c0 Exception <a 'java/lang/NullPointerException'{0x00000000d5602eb0}> (0x00000000d5602eb0) 
thrown [s\src\hotspot\share\runtime\sharedRuntime.cpp, line 625]
Event: 2735.785 Thread 0x0000020bfba732c0 Implicit null exception at 0x0000020ba1c9921b to 0x0000020ba1c997d5
Event: 2735.785 Thread 0x0000020bfba732c0 Exception <a 'java/lang/NullPointerException'{0x00000000d5603e68}> (0x00000000d5603e68) 
thrown [s\src\hotspot\share\runtime\sharedRuntime.cpp, line 625]
Event: 2735.786 Thread 0x0000020bfba732c0 Implicit null exception at 0x0000020ba1c9921b to 0x0000020ba1c997d5
Event: 2735.786 Thread 0x0000020bfba732c0 Exception <a 'java/lang/NullPointerException'{0x00000000d560b650}> (0x00000000d560b650) 
thrown [s\src\hotspot\share\runtime\sharedRuntime.cpp, line 625]
Event: 2735.787 Thread 0x0000020bfba732c0 Implicit null exception at 0x0000020ba1c9921b to 0x0000020ba1c997d5
Event: 2735.787 Thread 0x0000020bfba732c0 Exception <a 'java/lang/NullPointerException'{0x00000000d560c608}> (0x00000000d560c608) 
thrown [s\src\hotspot\share\runtime\sharedRuntime.cpp, line 625]
Event: 2816.629 Thread 0x0000020bfb5c69a0 Exception <a 'sun/nio/fs/WindowsException'{0x00000000d564b450}> (0x00000000d564b450) 
thrown [s\src\hotspot\share\prims\jni.cpp, line 520]
Event: 2864.978 Thread 0x0000020bfcc082a0 Exception <a 'sun/nio/fs/WindowsException'{0x00000000d5739da8}> (0x00000000d5739da8) 
thrown [s\src\hotspot\share\prims\jni.cpp, line 520]
Event: 2864.978 Thread 0x0000020bfcc082a0 Exception <a 'sun/nio/fs/WindowsException'{0x00000000d573a8e0}> (0x00000000d573a8e0) 
thrown [s\src\hotspot\share\prims\jni.cpp, line 520]

ZGC Phase Switch (0 events):
No events

VM Operations (20 events):
Event: 3067.602 Executing VM operation: HandshakeAllThreads (HandshakeForDeflation)
Event: 3067.602 Executing VM operation: HandshakeAllThreads (HandshakeForDeflation) done
Event: 3067.603 Executing VM operation: RendezvousGCThreads
Event: 3067.603 Executing VM operation: RendezvousGCThreads done
Event: 3127.700 Executing VM operation: HandshakeAllThreads (HandshakeForDeflation)
Event: 3127.700 Executing VM operation: HandshakeAllThreads (HandshakeForDeflation) done
Event: 3127.700 Executing VM operation: RendezvousGCThreads
Event: 3127.700 Executing VM operation: RendezvousGCThreads done
Event: 3187.870 Executing VM operation: HandshakeAllThreads (HandshakeForDeflation)
Event: 3187.870 Executing VM operation: HandshakeAllThreads (HandshakeForDeflation) done
Event: 3187.870 Executing VM operation: RendezvousGCThreads
Event: 3187.870 Executing VM operation: RendezvousGCThreads done
Event: 3248.075 Executing VM operation: HandshakeAllThreads (HandshakeForDeflation)
Event: 3248.075 Executing VM operation: HandshakeAllThreads (HandshakeForDeflation) done
Event: 3248.075 Executing VM operation: RendezvousGCThreads
Event: 3248.075 Executing VM operation: RendezvousGCThreads done
Event: 3308.148 Executing VM operation: HandshakeAllThreads (HandshakeForDeflation)
Event: 3308.148 Executing VM operation: HandshakeAllThreads (HandshakeForDeflation) done
Event: 3308.148 Executing VM operation: RendezvousGCThreads
Event: 3308.148 Executing VM operation: RendezvousGCThreads done

Memory protections (0 events):
No events

Nmethod flushes (20 events):
Event: 1055.119 Thread 0x0000020b9c43f800 flushing  nmethod 0x0000020ba0b16410
Event: 1055.119 Thread 0x0000020b9c43f800 flushing  nmethod 0x0000020ba0b4f010
Event: 1055.119 Thread 0x0000020b9c43f800 flushing  nmethod 0x0000020ba0b52c90
Event: 1055.119 Thread 0x0000020b9c43f800 flushing  nmethod 0x0000020ba0b53810
Event: 1055.119 Thread 0x0000020b9c43f800 flushing  nmethod 0x0000020ba0b53b90
Event: 1055.119 Thread 0x0000020b9c43f800 flushing  nmethod 0x0000020ba0b58210
Event: 1055.119 Thread 0x0000020b9c43f800 flushing  nmethod 0x0000020ba0b89190
Event: 1055.119 Thread 0x0000020b9c43f800 flushing  nmethod 0x0000020ba0bcf910
Event: 1055.119 Thread 0x0000020b9c43f800 flushing  nmethod 0x0000020ba0bd2690
Event: 1055.119 Thread 0x0000020b9c43f800 flushing  nmethod 0x0000020ba0bd2f90
Event: 1055.119 Thread 0x0000020b9c43f800 flushing  nmethod 0x0000020ba0bd3510
Event: 1055.119 Thread 0x0000020b9c43f800 flushing  nmethod 0x0000020ba0c00c90
Event: 1055.120 Thread 0x0000020b9c43f800 flushing  nmethod 0x0000020ba0c1f290
Event: 1055.120 Thread 0x0000020b9c43f800 flushing  nmethod 0x0000020ba0c23e10
Event: 1055.120 Thread 0x0000020b9c43f800 flushing  nmethod 0x0000020ba0c2e990
Event: 1055.120 Thread 0x0000020b9c43f800 flushing  nmethod 0x0000020ba0c5ad10
Event: 1055.120 Thread 0x0000020b9c43f800 flushing  nmethod 0x0000020ba0c65f10
Event: 1055.120 Thread 0x0000020b9c43f800 flushing  nmethod 0x0000020ba0c68290
Event: 1055.120 Thread 0x0000020b9c43f800 flushing  nmethod 0x0000020ba0c6c890
Event: 1055.120 Thread 0x0000020b9c43f800 flushing  nmethod 0x0000020ba0c8ca10

Events (20 events):
Event: 2732.193 Thread 0x0000020bfcc082a0 Thread added: 0x0000020bfb5c76c0
Event: 2779.705 Thread 0x0000020bfcc06ef0 Thread exited: 0x0000020bfcc06ef0
Event: 2793.606 Thread 0x0000020bfb5c76c0 Thread exited: 0x0000020bfb5c76c0
Event: 2839.709 Thread 0x0000020bfb5c8a70 Thread exited: 0x0000020bfb5c8a70
Event: 2864.969 Thread 0x0000020bfcc082a0 Thread added: 0x0000020bfb5c8a70
Event: 2864.971 Thread 0x0000020bfb5c8a70 Thread exited: 0x0000020bfb5c8a70
Event: 2864.980 Thread 0x0000020bfcc082a0 Thread added: 0x0000020bfb5c76c0
Event: 2864.980 Thread 0x0000020bfb5c76c0 Thread added: 0x0000020bfb5c8a70
Event: 2864.982 Thread 0x0000020bfb5c76c0 Thread exited: 0x0000020bfb5c76c0
Event: 2864.982 Thread 0x0000020bfb5c8a70 Thread exited: 0x0000020bfb5c8a70
Event: 2899.709 Thread 0x0000020bfb5c7030 Thread exited: 0x0000020bfb5c7030
Event: 2958.333 Thread 0x0000020bfcc0cad0 Thread exited: 0x0000020bfcc0cad0
Event: 2958.337 Thread 0x0000020bfcc0bdb0 Thread exited: 0x0000020bfcc0bdb0
Event: 2958.337 Thread 0x0000020bfcc0de80 Thread exited: 0x0000020bfcc0de80
Event: 2958.337 Thread 0x0000020bfcc0aa00 Thread exited: 0x0000020bfcc0aa00
Event: 2959.722 Thread 0x0000020bfcc09ce0 Thread exited: 0x0000020bfcc09ce0
Event: 3019.735 Thread 0x0000020bfcc09650 Thread exited: 0x0000020bfcc09650
Event: 3031.987 Thread 0x0000020bfb5c83e0 Thread exited: 0x0000020bfb5c83e0
Event: 3033.501 Thread 0x0000020bfcc0b720 Thread exited: 0x0000020bfcc0b720
Event: 3079.738 Thread 0x0000020bfcc08930 Thread exited: 0x0000020bfcc08930


Dynamic libraries:
0x00007ff6508b0000 - 0x00007ff6508be000 	c:\Users\HP\.antigravity\extensions\redhat.java-1.50.0-win32-x64\jre\21.0.9-win32-x86_64\bin\java.exe
0x00007ffe4b4c0000 - 0x00007ffe4b728000 	C:\WINDOWS\SYSTEM32\ntdll.dll
0x00007ffe4b2a0000 - 0x00007ffe4b369000 	C:\WINDOWS\System32\KERNEL32.DLL
0x00007ffe48df0000 - 0x00007ffe491e2000 	C:\WINDOWS\System32\KERNELBASE.dll
0x00007ffe48a70000 - 0x00007ffe48bbb000 	C:\WINDOWS\System32\ucrtbase.dll
0x00007ffe02d20000 - 0x00007ffe02d38000 	c:\Users\HP\.antigravity\extensions\redhat.java-1.50.0-win32-x64\jre\21.0.9-win32-x86_64\bin\jli.dll
0x00007ffe4afa0000 - 0x00007ffe4b165000 	C:\WINDOWS\System32\USER32.dll
0x00007ffe48bc0000 - 0x00007ffe48be7000 	C:\WINDOWS\System32\win32u.dll
0x00007ffe4a050000 - 0x00007ffe4a07b000 	C:\WINDOWS\System32\GDI32.dll
0x00007ffe48700000 - 0x00007ffe4882d000 	C:\WINDOWS\System32\gdi32full.dll
0x00007ffe48650000 - 0x00007ffe486f3000 	C:\WINDOWS\System32\msvcp_win.dll
0x00007ffe0a860000 - 0x00007ffe0a87e000 	c:\Users\HP\.antigravity\extensions\redhat.java-1.50.0-win32-x64\jre\21.0.9-win32-x86_64\bin\VCRUNTIME140.dll
0x00007ffe25cf0000 - 0x00007ffe25f83000 	C:\WINDOWS\WinSxS\amd64_microsoft.windows.common-controls_6595b64144ccf1df_6.0.26100.6899_none_3e0efeeae32e88c1\COMCTL32.dll
0x00007ffe4ab70000 - 0x00007ffe4ac19000 	C:\WINDOWS\System32\msvcrt.dll
0x00007ffe49bd0000 - 0x00007ffe49bff000 	C:\WINDOWS\System32\IMM32.DLL
0x00007ffe2a000000 - 0x00007ffe2a00c000 	c:\Users\HP\.antigravity\extensions\redhat.java-1.50.0-win32-x64\jre\21.0.9-win32-x86_64\bin\vcruntime140_1.dll
0x00007ffdf6fa0000 - 0x00007ffdf702d000 	c:\Users\HP\.antigravity\extensions\redhat.java-1.50.0-win32-x64\jre\21.0.9-win32-x86_64\bin\msvcp140.dll
0x00007ffda6e90000 - 0x00007ffda7c30000 	c:\Users\HP\.antigravity\extensions\redhat.java-1.50.0-win32-x64\jre\21.0.9-win32-x86_64\bin\server\jvm.dll
0x00007ffe49290000 - 0x00007ffe49344000 	C:\WINDOWS\System32\ADVAPI32.dll
0x00007ffe4b190000 - 0x00007ffe4b236000 	C:\WINDOWS\System32\sechost.dll
0x00007ffe4a3e0000 - 0x00007ffe4a4f8000 	C:\WINDOWS\System32\RPCRT4.dll
0x00007ffe49e20000 - 0x00007ffe49e94000 	C:\WINDOWS\System32\WS2_32.dll
0x00007ffe484b0000 - 0x00007ffe4850e000 	C:\WINDOWS\SYSTEM32\POWRPROF.dll
0x00007ffe335d0000 - 0x00007ffe33605000 	C:\WINDOWS\SYSTEM32\WINMM.dll
0x00007ffe40520000 - 0x00007ffe4052b000 	C:\WINDOWS\SYSTEM32\VERSION.dll
0x00007ffe48490000 - 0x00007ffe484a4000 	C:\WINDOWS\SYSTEM32\UMPDC.dll
0x00007ffe473e0000 - 0x00007ffe473fb000 	C:\WINDOWS\SYSTEM32\kernel.appcore.dll
0x00007ffe296e0000 - 0x00007ffe296ea000 	c:\Users\HP\.antigravity\extensions\redhat.java-1.50.0-win32-x64\jre\21.0.9-win32-x86_64\bin\jimage.dll
0x00007ffe45d10000 - 0x00007ffe45f52000 	C:\WINDOWS\SYSTEM32\DBGHELP.DLL
0x00007ffe4ac20000 - 0x00007ffe4af9b000 	C:\WINDOWS\System32\combase.dll
0x00007ffe4a080000 - 0x00007ffe4a157000 	C:\WINDOWS\System32\OLEAUT32.dll
0x00007ffe342f0000 - 0x00007ffe3432c000 	C:\WINDOWS\SYSTEM32\dbgcore.DLL
0x00007ffe491f0000 - 0x00007ffe49288000 	C:\WINDOWS\System32\bcryptPrimitives.dll
0x00007ffe27300000 - 0x00007ffe2730f000 	c:\Users\HP\.antigravity\extensions\redhat.java-1.50.0-win32-x64\jre\21.0.9-win32-x86_64\bin\instrument.dll
0x00007ffe02cd0000 - 0x00007ffe02cf0000 	c:\Users\HP\.antigravity\extensions\redhat.java-1.50.0-win32-x64\jre\21.0.9-win32-x86_64\bin\java.dll
0x00007ffe49480000 - 0x00007ffe49bcd000 	C:\WINDOWS\System32\SHELL32.dll
0x00007ffe48bf0000 - 0x00007ffe48d5b000 	C:\WINDOWS\System32\wintypes.dll
0x00007ffe46280000 - 0x00007ffe46add000 	C:\WINDOWS\SYSTEM32\windows.storage.dll
0x00007ffe49d10000 - 0x00007ffe49e02000 	C:\WINDOWS\System32\SHCORE.dll
0x00007ffe49410000 - 0x00007ffe49472000 	C:\WINDOWS\System32\shlwapi.dll
0x00007ffe48570000 - 0x00007ffe48599000 	C:\WINDOWS\SYSTEM32\profapi.dll
0x00007ffe02cb0000 - 0x00007ffe02cc8000 	c:\Users\HP\.antigravity\extensions\redhat.java-1.50.0-win32-x64\jre\21.0.9-win32-x86_64\bin\zip.dll
0x00007ffe22f20000 - 0x00007ffe22f30000 	C:\Users\HP\.antigravity\extensions\redhat.java-1.50.0-win32-x64\jre\21.0.9-win32-x86_64\bin\net.dll
0x00007ffe40000000 - 0x00007ffe4011f000 	C:\WINDOWS\SYSTEM32\WINHTTP.dll
0x00007ffe47930000 - 0x00007ffe4799b000 	C:\WINDOWS\system32\mswsock.dll
0x00007ffdfff40000 - 0x00007ffdfff56000 	C:\Users\HP\.antigravity\extensions\redhat.java-1.50.0-win32-x64\jre\21.0.9-win32-x86_64\bin\nio.dll
0x00007ffe0ce50000 - 0x00007ffe0ce60000 	c:\Users\HP\.antigravity\extensions\redhat.java-1.50.0-win32-x64\jre\21.0.9-win32-x86_64\bin\verify.dll
0x00007ffdf0750000 - 0x00007ffdf0794000 	C:\Users\HP\AppData\Roaming\Antigravity\User\globalStorage\redhat.java\1.50.0\config_win\org.eclipse.equinox.launcher\org.eclipse.equinox.launcher.win32.win32.x86_64_1.2.1400.v20250801-0854\eclipse_11916.dll
0x00007ffe49eb0000 - 0x00007ffe4a048000 	C:\WINDOWS\System32\ole32.dll
0x00007ffe2eb50000 - 0x00007ffe2eb5a000 	C:\Users\HP\.antigravity\extensions\redhat.java-1.50.0-win32-x64\jre\21.0.9-win32-x86_64\bin\management.dll
0x00007ffe0b910000 - 0x00007ffe0b91c000 	C:\Users\HP\.antigravity\extensions\redhat.java-1.50.0-win32-x64\jre\21.0.9-win32-x86_64\bin\management_ext.dll
0x00007ffe49ea0000 - 0x00007ffe49ea8000 	C:\WINDOWS\System32\PSAPI.DLL
0x00007ffe47d10000 - 0x00007ffe47d2b000 	C:\WINDOWS\SYSTEM32\CRYPTSP.dll
0x00007ffe47340000 - 0x00007ffe4737b000 	C:\WINDOWS\system32\rsaenh.dll
0x00007ffe479d0000 - 0x00007ffe479fb000 	C:\WINDOWS\SYSTEM32\USERENV.dll
0x00007ffe48540000 - 0x00007ffe48566000 	C:\WINDOWS\SYSTEM32\bcrypt.dll
0x00007ffe47b70000 - 0x00007ffe47b7c000 	C:\WINDOWS\SYSTEM32\CRYPTBASE.dll
0x00007ffe46de0000 - 0x00007ffe46e14000 	C:\WINDOWS\SYSTEM32\IPHLPAPI.DLL
0x00007ffe4a1f0000 - 0x00007ffe4a1fa000 	C:\WINDOWS\System32\NSI.dll
0x00007ffe1dda0000 - 0x00007ffe1dde9000 	C:\Users\HP\AppData\Local\Temp\jna-2312\jna15873683807230629900.dll
0x00007ffe3fdf0000 - 0x00007ffe3fe0e000 	C:\WINDOWS\SYSTEM32\dhcpcsvc6.DLL
0x00007ffe3fdc0000 - 0x00007ffe3fde3000 	C:\WINDOWS\SYSTEM32\dhcpcsvc.DLL
0x00007ffe36480000 - 0x00007ffe3648e000 	C:\Users\HP\.antigravity\extensions\redhat.java-1.50.0-win32-x64\jre\21.0.9-win32-x86_64\bin\sunmscapi.dll
0x00007ffe48830000 - 0x00007ffe489a7000 	C:\WINDOWS\System32\CRYPT32.dll
0x00007ffe47e60000 - 0x00007ffe47e90000 	C:\WINDOWS\SYSTEM32\ncrypt.dll
0x00007ffe47e10000 - 0x00007ffe47e4f000 	C:\WINDOWS\SYSTEM32\NTASN1.dll
0x00007ffe46ed0000 - 0x00007ffe46ff6000 	C:\WINDOWS\SYSTEM32\DNSAPI.dll
0x00007ffe3eee0000 - 0x00007ffe3eeeb000 	C:\Windows\System32\rasadhlp.dll
0x00007ffe3b0b0000 - 0x00007ffe3b136000 	C:\WINDOWS\System32\fwpuclnt.dll
0x00007ffe36470000 - 0x00007ffe36479000 	C:\Users\HP\.antigravity\extensions\redhat.java-1.50.0-win32-x64\jre\21.0.9-win32-x86_64\bin\extnet.dll
0x00007ffe47500000 - 0x00007ffe47536000 	C:\WINDOWS\SYSTEM32\ntmarta.dll

JVMTI agents:
c:\Users\HP\.antigravity\extensions\redhat.java-1.50.0-win32-x64\lombok\lombok-1.18.39-4050.jar path:c:\Users\HP\.antigravity\extensions\redhat.java-1.50.0-win32-x64\jre\21.0.9-win32-x86_64\bin\instrument.dll, loaded, initialized, instrumentlib options:none

dbghelp: loaded successfully - version: 4.0.5 - missing functions: none
symbol engine: initialized successfully - sym options: 0x614 - pdb path: .;c:\Users\HP\.antigravity\extensions\redhat.java-1.50.0-win32-x64\jre\21.0.9-win32-x86_64\bin;C:\WINDOWS\SYSTEM32;C:\WINDOWS\WinSxS\amd64_microsoft.windows.common-controls_6595b64144ccf1df_6.0.26100.6899_none_3e0efeeae32e88c1;c:\Users\HP\.antigravity\extensions\redhat.java-1.50.0-win32-x64\jre\21.0.9-win32-x86_64\bin\server;C:\Users\HP\AppData\Roaming\Antigravity\User\globalStorage\redhat.java\1.50.0\config_win\org.eclipse.equinox.launcher\org.eclipse.equinox.launcher.win32.win32.x86_64_1.2.1400.v20250801-0854;C:\Users\HP\AppData\Local\Temp\jna-2312

VM Arguments:
jvm_args: --add-modules=ALL-SYSTEM --add-opens=java.base/java.util=ALL-UNNAMED --add-opens=java.base/java.lang=ALL-UNNAMED --add-opens=java.base/sun.nio.fs=ALL-UNNAMED -Declipse.application=org.eclipse.jdt.ls.core.id1 -Dosgi.bundles.defaultStartLevel=4 -Declipse.product=org.eclipse.jdt.ls.core.product -Djava.import.generatesMetadataFilesAtProjectRoot=false -DDetectVMInstallationsJob.disabled=true -Dfile.encoding=utf8 -XX:+UseParallelGC -XX:GCTimeRatio=4 -XX:AdaptiveSizePolicyWeight=90 -Dsun.zip.disableMemoryMapping=true -Xmx2G -Xms100m -Xlog:disable -javaagent:c:\Users\HP\.antigravity\extensions\redhat.java-1.50.0-win32-x64\lombok\lombok-1.18.39-4050.jar -XX:+HeapDumpOnOutOfMemoryError -XX:HeapDumpPath=c:\Users\HP\AppData\Roaming\Antigravity\User\workspaceStorage\688296d18c356dd24ac2b4613adf6a33\redhat.java -Daether.dependencyCollector.impl=bf 
java_command: c:\Users\HP\.antigravity\extensions\redhat.java-1.50.0-win32-x64\server\plugins\org.eclipse.equinox.launcher_1.7.100.v20251111-0406.jar -configuration c:\Users\HP\AppData\Roaming\Antigravity\User\globalStorage\redhat.java\1.50.0\config_win -data c:\Users\HP\AppData\Roaming\Antigravity\User\workspaceStorage\688296d18c356dd24ac2b4613adf6a33\redhat.java\jdt_ws --pipe=\\.\pipe\lsp-179981b6d1d22acf2432089153d4f37f-sock
java_class_path (initial): c:\Users\HP\.antigravity\extensions\redhat.java-1.50.0-win32-x64\server\plugins\org.eclipse.equinox.launcher_1.7.100.v20251111-0406.jar
Launcher Type: SUN_STANDARD

[Global flags]
    uintx AdaptiveSizePolicyWeight                 = 90                                        {product} {command line}
     intx CICompilerCount                          = 4                                         {product} {ergonomic}
    uintx GCTimeRatio                              = 4                                         {product} {command line}
     bool HeapDumpOnOutOfMemoryError               = true                                   {manageable} {command line}
    ccstr HeapDumpPath                             = c:\Users\HP\AppData\Roaming\Antigravity\User\workspaceStorage\688296d18c356dd24ac2b4613adf6a33\redhat.java         {manageable} {command line}
   size_t InitialHeapSize                          = 104857600                                 {product} {command line}
   size_t MaxHeapSize                              = 2147483648                                {product} {command line}
   size_t MaxNewSize                               = 715653120                                 {product} {ergonomic}
   size_t MinHeapDeltaBytes                        = 524288                                    {product} {ergonomic}
   size_t MinHeapSize                              = 104857600                                 {product} {command line}
   size_t NewSize                                  = 34603008                                  {product} {ergonomic}
    uintx NonNMethodCodeHeapSize                   = 5839372                                {pd product} {ergonomic}
    uintx NonProfiledCodeHeapSize                  = 122909434                              {pd product} {ergonomic}
   size_t OldSize                                  = 70254592                                  {product} {ergonomic}
    uintx ProfiledCodeHeapSize                     = 122909434                              {pd product} {ergonomic}
    uintx ReservedCodeCacheSize                    = 251658240                              {pd product} {ergonomic}
     bool SegmentedCodeCache                       = true                                      {product} {ergonomic}
   size_t SoftMaxHeapSize                          = 2147483648                             {manageable} {ergonomic}
     bool UseCompressedOops                        = true                           {product lp64_product} {ergonomic}
     bool UseLargePagesIndividualAllocation        = false                                  {pd product} {ergonomic}
     bool UseParallelGC                            = true                                      {product} {command line}

Logging:
Log output configuration:
 #0: stdout all=off uptime,level,tags foldmultilines=false
 #1: stderr all=off uptime,level,tags foldmultilines=false

Release file:
JAVA_VERSION="21.0.9" 
MODULES="java.base java.compiler java.datatransfer java.xml java.prefs java.desktop java.instrument java.logging java.management java.security.sasl java.naming java.rmi java.management.rmi java.net.http java.scripting java.security.jgss java.transaction.xa java.sql java.sql.rowset java.xml.crypto java.se java.smartcardio jdk.accessibility jdk.internal.jvmstat jdk.attach jdk.charsets jdk.internal.opt jdk.zipfs jdk.compiler jdk.crypto.ec jdk.crypto.cryptoki jdk.crypto.mscapi jdk.dynalink jdk.internal.ed jdk.editpad jdk.hotspot.agent jdk.httpserver jdk.internal.le jdk.internal.vm.ci jdk.internal.vm.compiler jdk.internal.vm.compiler.management jdk.jartool jdk.javadoc jdk.jcmd jdk.management jdk.management.agent jdk.jconsole jdk.jdeps jdk.jdwp.agent jdk.jdi jdk.jfr jdk.jshell jdk.jsobject jdk.jstatd jdk.localedata jdk.management.jfr jdk.naming.dns jdk.naming.rmi jdk.net jdk.nio.mapmode jdk.random jdk.sctp jdk.security.auth jdk.security.jgss jdk.unsupported jdk.unsupported.desktop jdk.xml.dom" 

Environment Variables:
JAVA_HOME=C:\Program Files\Java\jdk-17.0.17
PATH=C:\WINDOWS\system32;C:\WINDOWS;C:\WINDOWS\System32\Wbem;C:\WINDOWS\System32\WindowsPowerShell\v1.0\;C:\WINDOWS\System32\OpenSSH\;C:\Program Files\dotnet\;C:\Program Files (x86)\Intel\Intel(R) Management Engine Components\DAL;C:\Program Files\Intel\Intel(R) Management Engine Components\DAL;C:\Program Files\Git\cmd;C:\MinGW\bin;C:\Program Files\apache-maven-3.9.11\bin;C:\Program Files (x86)\Microsoft SQL Server\160\Tools\Binn\;C:\Program Files\Microsoft SQL Server\160\Tools\Binn\;C:\Program Files\Microsoft SQL Server\Client SDK\ODBC\170\Tools\Binn\;C:\Program Files\Microsoft SQL Server\160\DTS\Binn\;C:\Users\HP\AppData\Local\Pub\Cache\bin;C:\Program Files\Docker\Docker\resources\bin;C:\Program Files\Java\jdk-17.0.17\bin;C:\Users\HP\AppData\Local\Android\Sdk\platorm-tools;C:\Users\HP\AppData\Local\Android\Sdk\cmdline-tools\latest\bin;C:\src\flutter\bin;C:\Users\HP\AppData\Local\nvm;C:\nvm4w\nodejs;C:\Program Files\nodejs\;C:\Program Files\MySQL\MySQL Shell 8.0\bin\;C:\Users\HP\AppData\Local\Microsoft\WindowsApps;C:\Program Files\Java\jdk-23\bin;C:\Users\HP\AppData\Local\Pub\Cache\bin;C:\Program Files\JetBrains\IntelliJ IDEA Community Edition 2025.2.4\bin;C:\Users\HP\AppData\Local\Programs\Microsoft VS Code\bin;D:\Program Files\PostgreSQL\18\bin;D:\Program Files\PostgreSQL\18\lib;C:\Users\HP\AppData\Local\Python\bin;C:\src\flutter\bin;C:\Users\HP\AppData\Local\nvm;C:\nvm4w\nodejs;C:\Users\HP\AppData\Roaming\npm;C:\Users\HP\AppData\Local\Programs\Antigravity\bin
USERNAME=HP
OS=Windows_NT
PROCESSOR_IDENTIFIER=Intel64 Family 6 Model 142 Stepping 10, GenuineIntel
TMP=C:\Users\HP\AppData\Local\Temp
TEMP=C:\Users\HP\AppData\Local\Temp




Periodic native trim disabled

---------------  S Y S T E M  ---------------

OS:
 Windows 11 , 64 bit Build 26100 (10.0.26100.6725)
OS uptime: 2 days 4:38 hours
Hyper-V role detected

CPU: total 8 (initial active 8) (4 cores per cpu, 2 threads per core) family 6 model 142 stepping 10 microcode 0xf6, cx8, cmov, fxsr, ht, mmx, 3dnowpref, sse, sse2, sse3, ssse3, sse4.1, sse4.2, popcnt, lzcnt, tsc, tscinvbit, avx, avx2, aes, erms, clmul, bmi1, bmi2, rtm, adx, fma, vzeroupper, clflush, clflushopt, hv, rdtscp, f16c
Processor Information for the first 8 processors :
  Max Mhz: 2112, Current Mhz: 1910, Mhz Limit: 1900

Memory: 4k page, system-wide physical 8035M (493M free)
TotalPageFile size 22164M (AvailPageFile size 105M)
current process WorkingSet (physical memory assigned to process): 11M, peak: 1153M
current process commit charge ("private bytes"): 1527M, peak: 1531M

vm_info: OpenJDK 64-Bit Server VM (21.0.9+10-LTS) for windows-amd64 JRE (21.0.9+10-LTS), built on 2025-10-21T00:00:00Z by "admin" with unknown MS VC++:1942

END.
